<?xml version="1.0" encoding="UTF-8"?>
<!-- Generated by org.testng.reporters.JUnitReportReporter -->
<testsuite hostname="john-PC" name="DriverFactory.DataDrivenFramwork" tests="1" failures="0" timestamp="30 Jul 2020 15:45:26 GMT" time="65.264" errors="0">
  <testcase name="verifyLogin" time="65.264" classname="DriverFactory.DataDrivenFramwork"/>
</testsuite> <!-- DriverFactory.DataDrivenFramwork -->
