<?xml version="1.0" encoding="UTF-8"?>
<!-- Generated by org.testng.reporters.JUnitReportReporter -->
<testsuite hostname="john-PC" name="DriverFactory.DataDriven" tests="1" failures="0" timestamp="31 Jul 2020 15:44:24 GMT" time="39.543" errors="0">
  <testcase name="verifyLogin" time="39.543" classname="DriverFactory.DataDriven"/>
</testsuite> <!-- DriverFactory.DataDriven -->
