<?xml version="1.0" encoding="UTF-8"?>
<!-- Generated by org.testng.reporters.JUnitReportReporter -->
<testsuite hostname="john-PC" name="DriverFactory.DriverScript" tests="1" failures="0" timestamp="5 Aug 2020 16:24:53 GMT" time="110.305" errors="0">
  <testcase name="startTest" time="110.305" classname="DriverFactory.DriverScript"/>
</testsuite> <!-- DriverFactory.DriverScript -->
